"../../../Engine/Content/EditorBlueprintResources/StandardMacros.uasset" 0
"../../../../../../Unreal Projects/Kourosh EndlessRacer 4.24/Content/VehicleAdv/Vehicle/VehicleSkeleton.uasset" 1
"../../../../../../Unreal Projects/Kourosh EndlessRacer 4.24/Content/VehicleAdv/Vehicle/VehicleAnimationBlueprint.uasset" 2
"../../../Engine/Content/EngineFonts/RobotoDistanceField.uasset" 3
"../../../../../../Unreal Projects/Kourosh EndlessRacer 4.24/Content/VehicleAdvBP/Blueprints/VehicleAdvHud.uasset" 4
"../../../../../../Unreal Projects/Kourosh EndlessRacer 4.24/Content/VehicleAdv/PhysicsMaterials/NonSlippery.uasset" 5
"../../../../../../Unreal Projects/Kourosh EndlessRacer 4.24/Content/VehicleAdv/PhysicsMaterials/Slippery.uasset" 6
"../../../../../../Unreal Projects/Kourosh EndlessRacer 4.24/Content/VehicleAdv/Vehicle/WheelData/Vehicle_BackTireConfig.uasset" 7
"../../../../../../Unreal Projects/Kourosh EndlessRacer 4.24/Content/VehicleAdvBP/Blueprints/WheelData/WheelBack.uasset" 8
"../../../../../../Unreal Projects/Kourosh EndlessRacer 4.24/Content/VehicleAdv/Vehicle/WheelData/Vehicle_FrontTireConfig.uasset" 9
"../../../../../../Unreal Projects/Kourosh EndlessRacer 4.24/Content/VehicleAdvBP/Blueprints/WheelData/WheelFront.uasset" 10
"../../../Engine/Content/Functions/Engine_MaterialFunctions03/Procedurals/ComputeFilterWidth.uasset" 11
"../../../Engine/Content/EngineMaterials/AntiAliasedTextMaterialTranslucent.uasset" 12
"../../../../../../Unreal Projects/Kourosh EndlessRacer 4.24/Content/VehicleAdv/Sound/Engine_att.uasset" 13
"../../../../../../Unreal Projects/Kourosh EndlessRacer 4.24/Content/VehicleAdv/Sound/Engine_Loop_Cue.uasset" 14
"../../../../../../Unreal Projects/Kourosh EndlessRacer 4.24/Content/VehicleAdv/Materials/Fixed_Template_Master.uasset" 15
"../../../../../../Unreal Projects/Kourosh EndlessRacer 4.24/Content/VehicleAdv/Materials/MaterialInstances/Template_BaseBlue.uasset" 16
"../../../../../../Unreal Projects/Kourosh EndlessRacer 4.24/Content/VehicleAdv/Vehicle/VehiclePhysicsAsset.uasset" 17
"../../../../../../Unreal Projects/Kourosh EndlessRacer 4.24/Content/VehicleAdv/Vehicle/Vehicle_SkelMesh.uasset" 18
"../../../../../../Unreal Projects/Kourosh EndlessRacer 4.24/Content/VehicleAdvBP/Blueprints/Vehicle.uasset" 19
"../../../../../../Unreal Projects/Kourosh EndlessRacer 4.24/Content/StarterContent/Materials/M_Basic_Wall.uasset" 20
"../../../../../../Unreal Projects/Kourosh EndlessRacer 4.24/Content/StarterContent/Shapes/Shape_Torus.uasset" 21
"../../../../../../Unreal Projects/Kourosh EndlessRacer 4.24/Content/VehicleAdvBP/Sounds/Coin_Sound.uasset" 22
"../../../../../../Unreal Projects/Kourosh EndlessRacer 4.24/Content/VehicleAdvBP/Blueprints/BP_Coin.uasset" 23
"../../../../../../Unreal Projects/Kourosh EndlessRacer 4.24/Content/StarterContent/Textures/T_MacroVariation.uasset" 24
"../../../../../../Unreal Projects/Kourosh EndlessRacer 4.24/Content/StarterContent/Textures/T_Metal_Gold_D.uasset" 25
"../../../../../../Unreal Projects/Kourosh EndlessRacer 4.24/Content/StarterContent/Textures/T_Metal_Gold_N.uasset" 26
"../../../../../../Unreal Projects/Kourosh EndlessRacer 4.24/Content/StarterContent/Materials/M_Metal_Gold.uasset" 27
"../../../../../../Unreal Projects/Kourosh EndlessRacer 4.24/Content/VehicleAdvBP/Blueprints/CoinMultiplier.uasset" 28
"../../../../../../Unreal Projects/Kourosh EndlessRacer 4.24/Content/VehicleAdv/Materials/MasterSolidColor.uasset" 29
"../../../../../../Unreal Projects/Kourosh EndlessRacer 4.24/Content/VehicleAdv/Materials/MaterialInstances/SolidOrange.uasset" 30
"../../../../../../Unreal Projects/Kourosh EndlessRacer 4.24/Content/VehicleAdv/ArenaMesh/BumpWedge.uasset" 31
"../../../Engine/Content/EngineMaterials/Grid.uasset" 32
"../../../../../../Unreal Projects/Kourosh EndlessRacer 4.24/Content/VehicleAdv/Materials/MasterGrid.uasset" 33
"../../../../../../Unreal Projects/Kourosh EndlessRacer 4.24/Content/VehicleAdv/Materials/MaterialInstances/BlackGrid.uasset" 34
"../../../../../../Unreal Projects/Kourosh EndlessRacer 4.24/Content/VehicleAdv/Materials/MaterialInstances/RedGrid.uasset" 35
"../../../../../../Unreal Projects/Kourosh EndlessRacer 4.24/Content/VehicleAdv/ArenaMesh/StraightFull.uasset" 36
"../../../../../../Unreal Projects/Kourosh EndlessRacer 4.24/Content/VehicleAdvBP/Blueprints/BP_Floor1.uasset" 37
"../../../../../../Unreal Projects/Kourosh EndlessRacer 4.24/Content/VehicleAdvBP/Blueprints/BP_Floor2.uasset" 38
"../../../../../../Unreal Projects/Kourosh EndlessRacer 4.24/Content/VehicleAdv/ArenaMesh/StraightHalf.uasset" 39
"../../../../../../Unreal Projects/Kourosh EndlessRacer 4.24/Content/VehicleAdv/Materials/MaterialInstances/SolidRed.uasset" 40
"../../../../../../Unreal Projects/Kourosh EndlessRacer 4.24/Content/VehicleAdv/ArenaMesh/Turn_90.uasset" 41
"../../../../../../Unreal Projects/Kourosh EndlessRacer 4.24/Content/VehicleAdvBP/Blueprints/BP_Floor3.uasset" 42
"../../../../../../Unreal Projects/Kourosh EndlessRacer 4.24/Content/VehicleAdvBP/Blueprints/BP_Floor5.uasset" 43
"../../../../../../Unreal Projects/Kourosh EndlessRacer 4.24/Content/VehicleAdvBP/UMG/VehicleHUD.uasset" 44
"../../../../../../Unreal Projects/Kourosh EndlessRacer 4.24/Content/VehicleAdvBP/Blueprints/VehicleAdvGameMode.uasset" 45
"../../../../../../Unreal Projects/Kourosh EndlessRacer 4.24/Content/VehicleAdvBP/Blueprints/BP_Floor.uasset" 46
"../../../../../../Unreal Projects/Kourosh EndlessRacer 4.24/Content/Blueprints/NewListView.uasset" 47
"../../../../../../Unreal Projects/Kourosh EndlessRacer 4.24/Content/Geometry/Meshes/CubeMaterial.uasset" 48
"../../../../../../Unreal Projects/Kourosh EndlessRacer 4.24/Content/Geometry/Meshes/1M_Cube.uasset" 49
"../../../../../../Unreal Projects/Kourosh EndlessRacer 4.24/Content/Geometry/Meshes/1M_Cube_Chamfer.uasset" 50
"../../../../../../Unreal Projects/Kourosh EndlessRacer 4.24/Content/Geometry/Meshes/TemplateFloor.uasset" 51
"../../../../../../Unreal Projects/Kourosh EndlessRacer 4.24/Content/StarterContent/Architecture/Pillar_50x500.uasset" 52
"../../../../../../Unreal Projects/Kourosh EndlessRacer 4.24/Content/StarterContent/Architecture/Wall_400x300.uasset" 53
"../../../../../../Unreal Projects/Kourosh EndlessRacer 4.24/Content/StarterContent/Architecture/Wall_400x400.uasset" 54
"../../../../../../Unreal Projects/Kourosh EndlessRacer 4.24/Content/StarterContent/Architecture/Wall_500x500.uasset" 55
"../../../../../../Unreal Projects/Kourosh EndlessRacer 4.24/Content/StarterContent/Architecture/Wall_Door_400x400.uasset" 56
"../../../../../../Unreal Projects/Kourosh EndlessRacer 4.24/Content/StarterContent/Architecture/Wall_Window_400x400.uasset" 57
"../../../../../../Unreal Projects/Kourosh EndlessRacer 4.24/Content/StarterContent/Audio/Collapse01.uasset" 58
"../../../../../../Unreal Projects/Kourosh EndlessRacer 4.24/Content/StarterContent/Audio/Collapse02.uasset" 59
"../../../../../../Unreal Projects/Kourosh EndlessRacer 4.24/Content/StarterContent/Audio/Explosion01.uasset" 60
"../../../../../../Unreal Projects/Kourosh EndlessRacer 4.24/Content/StarterContent/Audio/Explosion02.uasset" 61
"../../../../../../Unreal Projects/Kourosh EndlessRacer 4.24/Content/StarterContent/Audio/Fire01.uasset" 62
"../../../../../../Unreal Projects/Kourosh EndlessRacer 4.24/Content/StarterContent/Audio/Fire_Sparks01.uasset" 63
"../../../../../../Unreal Projects/Kourosh EndlessRacer 4.24/Content/StarterContent/Audio/Light01.uasset" 64
"../../../../../../Unreal Projects/Kourosh EndlessRacer 4.24/Content/StarterContent/Audio/Light01_Cue.uasset" 65
"../../../../../../Unreal Projects/Kourosh EndlessRacer 4.24/Content/StarterContent/Audio/Light02.uasset" 66
"../../../../../../Unreal Projects/Kourosh EndlessRacer 4.24/Content/StarterContent/Audio/Light02_Cue.uasset" 67
"../../../../../../Unreal Projects/Kourosh EndlessRacer 4.24/Content/StarterContent/Audio/Smoke01.uasset" 68
"../../../../../../Unreal Projects/Kourosh EndlessRacer 4.24/Content/StarterContent/Audio/Starter_Birds01.uasset" 69
"../../../../../../Unreal Projects/Kourosh EndlessRacer 4.24/Content/StarterContent/Audio/Starter_Music01.uasset" 70
"../../../../../../Unreal Projects/Kourosh EndlessRacer 4.24/Content/StarterContent/Audio/Starter_Wind05.uasset" 71
"../../../../../../Unreal Projects/Kourosh EndlessRacer 4.24/Content/StarterContent/Audio/Starter_Wind06.uasset" 72
"../../../../../../Unreal Projects/Kourosh EndlessRacer 4.24/Content/StarterContent/Audio/Steam01.uasset" 73
"../../../../../../Unreal Projects/Kourosh EndlessRacer 4.24/Content/StarterContent/Audio/Explosion_Cue.uasset" 74
"../../../../../../Unreal Projects/Kourosh EndlessRacer 4.24/Content/StarterContent/Textures/T_Burst_M.uasset" 75
"../../../../../../Unreal Projects/Kourosh EndlessRacer 4.24/Content/StarterContent/Particles/Materials/M_Burst.uasset" 76
"../../../../../../Unreal Projects/Kourosh EndlessRacer 4.24/Content/StarterContent/Textures/T_Explosion_SubUV.uasset" 77
"../../../../../../Unreal Projects/Kourosh EndlessRacer 4.24/Content/StarterContent/Particles/Materials/M_explosion_subUV.uasset" 78
"../../../../../../Unreal Projects/Kourosh EndlessRacer 4.24/Content/StarterContent/Particles/Materials/m_flare_01.uasset" 79
"../../../Engine/Content/Functions/Engine_MaterialFunctions01/Gradient/RadialGradient.uasset" 80
"../../../../../../Unreal Projects/Kourosh EndlessRacer 4.24/Content/StarterContent/Particles/Materials/M_radial_ramp.uasset" 81
"../../../../../../Unreal Projects/Kourosh EndlessRacer 4.24/Content/StarterContent/Textures/T_Smoke_SubUV.uasset" 82
"../../../../../../Unreal Projects/Kourosh EndlessRacer 4.24/Content/StarterContent/Textures/T_Smoke_Tiled_D.uasset" 83
"../../../../../../Unreal Projects/Kourosh EndlessRacer 4.24/Content/StarterContent/Particles/Materials/M_smoke_subUV.uasset" 84
"../../../../../../Unreal Projects/Kourosh EndlessRacer 4.24/Content/StarterContent/Particles/P_Explosion.uasset" 85
"../../../../../../Unreal Projects/Kourosh EndlessRacer 4.24/Content/StarterContent/Blueprints/Blueprint_Effect_Explosion.uasset" 86
"../../../Engine/Content/EditorMeshes/ColorCalibrator/T_ColorGrid.uasset" 87
"../../../../../../Unreal Projects/Kourosh EndlessRacer 4.24/Content/StarterContent/Materials/M_ColorGrid_LowSpec.uasset" 88
"../../../../../../Unreal Projects/Kourosh EndlessRacer 4.24/Content/StarterContent/Textures/T_Bush_D.uasset" 89
"../../../../../../Unreal Projects/Kourosh EndlessRacer 4.24/Content/StarterContent/Textures/T_Bush_N.uasset" 90
"../../../../../../Unreal Projects/Kourosh EndlessRacer 4.24/Content/StarterContent/Props/Materials/M_Bush.uasset" 91
"../../../../../../Unreal Projects/Kourosh EndlessRacer 4.24/Content/StarterContent/Props/SM_Bush.uasset" 92
"../../../../../../Unreal Projects/Kourosh EndlessRacer 4.24/Content/StarterContent/Textures/T_Chair_M.uasset" 93
"../../../../../../Unreal Projects/Kourosh EndlessRacer 4.24/Content/StarterContent/Textures/T_Chair_N.uasset" 94
"../../../../../../Unreal Projects/Kourosh EndlessRacer 4.24/Content/StarterContent/Props/Materials/M_Chair.uasset" 95
"../../../../../../Unreal Projects/Kourosh EndlessRacer 4.24/Content/StarterContent/Props/SM_Couch.uasset" 96
"../../../../../../Unreal Projects/Kourosh EndlessRacer 4.24/Content/StarterContent/Materials/M_Glass.uasset" 97
"../../../../../../Unreal Projects/Kourosh EndlessRacer 4.24/Content/StarterContent/Textures/T_Door_M.uasset" 98
"../../../../../../Unreal Projects/Kourosh EndlessRacer 4.24/Content/StarterContent/Textures/T_Door_N.uasset" 99
"../../../../../../Unreal Projects/Kourosh EndlessRacer 4.24/Content/StarterContent/Props/Materials/M_Door.uasset" 100
"../../../../../../Unreal Projects/Kourosh EndlessRacer 4.24/Content/StarterContent/Props/SM_Door.uasset" 101
"../../../../../../Unreal Projects/Kourosh EndlessRacer 4.24/Content/StarterContent/Props/Materials/M_MaterialSphere.uasset" 102
"../../../../../../Unreal Projects/Kourosh EndlessRacer 4.24/Content/StarterContent/Props/Materials/M_MaterialSphere_Plain.uasset" 103
"../../../../../../Unreal Projects/Kourosh EndlessRacer 4.24/Content/StarterContent/Props/SM_MatPreviewMesh_02.uasset" 104
"../../../Engine/Content/Functions/Engine_MaterialFunctions02/Utility/BlendAngleCorrectedNormals.uasset" 105
"../../../../../../Unreal Projects/Kourosh EndlessRacer 4.24/Content/StarterContent/Textures/T_Detail_Rocky_N.uasset" 106
"../../../../../../Unreal Projects/Kourosh EndlessRacer 4.24/Content/StarterContent/Textures/T_Rock_Basalt_D.uasset" 107
"../../../../../../Unreal Projects/Kourosh EndlessRacer 4.24/Content/StarterContent/Textures/T_RockMesh_M.uasset" 108
"../../../../../../Unreal Projects/Kourosh EndlessRacer 4.24/Content/StarterContent/Textures/T_RockMesh_N.uasset" 109
"../../../../../../Unreal Projects/Kourosh EndlessRacer 4.24/Content/StarterContent/Props/Materials/M_Rock.uasset" 110
"../../../../../../Unreal Projects/Kourosh EndlessRacer 4.24/Content/StarterContent/Props/SM_Rock.uasset" 111
"../../../../../../Unreal Projects/Kourosh EndlessRacer 4.24/Content/StarterContent/Textures/T_Shelf_M.uasset" 112
"../../../../../../Unreal Projects/Kourosh EndlessRacer 4.24/Content/StarterContent/Textures/T_Shelf_N.uasset" 113
"../../../../../../Unreal Projects/Kourosh EndlessRacer 4.24/Content/StarterContent/Props/Materials/M_Shelf.uasset" 114
"../../../../../../Unreal Projects/Kourosh EndlessRacer 4.24/Content/StarterContent/Props/SM_Shelf.uasset" 115
"../../../../../../Unreal Projects/Kourosh EndlessRacer 4.24/Content/StarterContent/Materials/M_Basic_Floor.uasset" 116
"../../../../../../Unreal Projects/Kourosh EndlessRacer 4.24/Content/StarterContent/Props/SM_Stairs.uasset" 117
"../../../../../../Unreal Projects/Kourosh EndlessRacer 4.24/Content/StarterContent/Shapes/Shape_Cone.uasset" 118
"../../../../../../Unreal Projects/Kourosh EndlessRacer 4.24/Content/StarterContent/Shapes/Shape_Cylinder.uasset" 119
"../../../../../../Unreal Projects/Kourosh EndlessRacer 4.24/Content/StarterContent/Shapes/Shape_NarrowCapsule.uasset" 120
"../../../../../../Unreal Projects/Kourosh EndlessRacer 4.24/Content/StarterContent/Shapes/Shape_Pipe.uasset" 121
"../../../../../../Unreal Projects/Kourosh EndlessRacer 4.24/Content/StarterContent/Shapes/Shape_Pipe_180.uasset" 122
"../../../../../../Unreal Projects/Kourosh EndlessRacer 4.24/Content/StarterContent/Shapes/Shape_Pipe_90.uasset" 123
"../../../../../../Unreal Projects/Kourosh EndlessRacer 4.24/Content/StarterContent/Shapes/Shape_Plane.uasset" 124
"../../../../../../Unreal Projects/Kourosh EndlessRacer 4.24/Content/StarterContent/Shapes/Shape_Trim.uasset" 125
"../../../../../../Unreal Projects/Kourosh EndlessRacer 4.24/Content/StarterContent/Shapes/Shape_Trim_90_In.uasset" 126
"../../../../../../Unreal Projects/Kourosh EndlessRacer 4.24/Content/StarterContent/Shapes/Shape_Trim_90_Out.uasset" 127
"../../../../../../Unreal Projects/Kourosh EndlessRacer 4.24/Content/StarterContent/Shapes/Shape_TriPyramid.uasset" 128
"../../../../../../Unreal Projects/Kourosh EndlessRacer 4.24/Content/StarterContent/Shapes/Shape_Tube.uasset" 129
"../../../../../../Unreal Projects/Kourosh EndlessRacer 4.24/Content/StarterContent/Shapes/Shape_Wedge_A.uasset" 130
"../../../../../../Unreal Projects/Kourosh EndlessRacer 4.24/Content/StarterContent/Shapes/Shape_Wedge_B.uasset" 131
"../../../../../../Unreal Projects/Kourosh EndlessRacer 4.24/Content/StarterContent/Shapes/Shape_WideCapsule.uasset" 132
"../../../../../../Unreal Projects/Kourosh EndlessRacer 4.24/Content/VehicleAdv/ArenaMesh/CubeMaterial.uasset" 133
"../../../../../../Unreal Projects/Kourosh EndlessRacer 4.24/Content/VehicleAdv/ArenaMesh/pole.uasset" 134
"../../../../../../Unreal Projects/Kourosh EndlessRacer 4.24/Content/VehicleAdv/ArenaMesh/RampTwist.uasset" 135
"../../../Engine/Content/Functions/Engine_MaterialFunctions01/Opacity/CameraDepthFade.uasset" 136
"../../../Engine/Content/EngineMaterials/T_Default_Material_Grid_M.uasset" 137
"../../../Engine/Content/EngineMaterials/T_Default_Material_Grid_N.uasset" 138
"../../../Engine/Content/EngineMaterials/WorldGridMaterial.uasset" 139
"../../../../../../Unreal Projects/Kourosh EndlessRacer 4.24/Content/VehicleAdv/ArenaMesh/RoadSegment_01.uasset" 140
"../../../../../../Unreal Projects/Kourosh EndlessRacer 4.24/Content/VehicleAdv/Sound/Engine_Speed_01_Loop.uasset" 141
"../../../../../../Unreal Projects/Kourosh EndlessRacer 4.24/Content/VehicleAdv/Sound/Engine_Speed_02_Loop.uasset" 142
"../../../../../../Unreal Projects/Kourosh EndlessRacer 4.24/Content/VehicleAdv/Sound/Engine_Speed_03_Loop.uasset" 143
"../../../../../../Unreal Projects/Kourosh EndlessRacer 4.24/Content/VehicleAdv/Sound/Engine_Speed_04_Loop.uasset" 144
"../../../../../../Unreal Projects/Kourosh EndlessRacer 4.24/Content/VehicleAdv/Sound/Engine_Speed_05_Loop.uasset" 145
"../../../../../../Unreal Projects/Kourosh EndlessRacer 4.24/Content/VehicleAdv/Sound/Engine_Speed_06_Loop.uasset" 146
"../../../../../../Unreal Projects/Kourosh EndlessRacer 4.24/Content/VehicleAdv/Textures/VehicleJoystick_BackgroundL.uasset" 147
"../../../../../../Unreal Projects/Kourosh EndlessRacer 4.24/Content/VehicleAdv/Textures/VehicleJoystick_BackgroundR.uasset" 148
"../../../Engine/Content/MobileResources/HUD/VirtualJoystick_Background.uasset" 149
"../../../Engine/Content/MobileResources/HUD/VirtualJoystick_Thumb.uasset" 150
"../../../../../../Unreal Projects/Kourosh EndlessRacer 4.24/Content/VehicleAdv/Vehicle/LeftVirtualJoystickOnly.uasset" 151
"../../../../../../Unreal Projects/Kourosh EndlessRacer 4.24/Content/VehicleAdv/Vehicle/VehicleBodyCollision.uasset" 152
"../../../../../../Unreal Projects/Kourosh EndlessRacer 4.24/Content/VehicleAdvBP/AdvancedVehicleOverview.uasset" 153
"../../../../../../Unreal Projects/Kourosh EndlessRacer 4.24/Content/VehicleAdvBP/Blueprints/BP_Floor4.uasset" 154
"../../../Engine/Content/Animation/DefaultAnimCurveCompressionSettings.uasset" 155
"../../../Engine/Content/ArtTools/RenderToTexture/Meshes/S_1_Unit_Plane.uasset" 156
"../../../Engine/Content/EngineMaterials/DefaultMaterial.uasset" 157
"../../../Engine/Content/BasicShapes/Cone.uasset" 158
"../../../Engine/Content/BasicShapes/Cube.uasset" 159
"../../../Engine/Content/BasicShapes/Cylinder.uasset" 160
"../../../Engine/Content/BasicShapes/Plane.uasset" 161
"../../../Engine/Content/BasicShapes/Sphere.uasset" 162
"../../../Engine/Content/EditorLandscapeResources/DataLayer.uasset" 163
"../../../Engine/Content/EditorMaterials/MAT_Groups_Toggle.uasset" 164
"../../../Engine/Content/EditorMaterials/MAT_Groups_Visibility.uasset" 165
"../../../Engine/Content/EditorMaterials/PreviewShadowIndicator.uasset" 166
"../../../Engine/Content/EditorMaterials/PreviewShadowIndicatorMaterial.uasset" 167
"../../../Engine/Content/EditorMaterials/MatineeGroups/MAT_ColorTrack.uasset" 168
"../../../Engine/Content/EditorMaterials/MatineeGroups/MAT_Groups_Anim.uasset" 169
"../../../Engine/Content/EditorMaterials/MatineeGroups/MAT_Groups_AudioMaster.uasset" 170
"../../../Engine/Content/EditorMaterials/MatineeGroups/MAT_Groups_Director.uasset" 171
"../../../Engine/Content/EditorMaterials/MatineeGroups/MAT_Groups_Event.uasset" 172
"../../../Engine/Content/EditorMaterials/MatineeGroups/MAT_Groups_Fade.uasset" 173
"../../../Engine/Content/EditorMaterials/MatineeGroups/MAT_Groups_Float.uasset" 174
"../../../Engine/Content/EditorMaterials/MatineeGroups/MAT_Groups_Move.uasset" 175
"../../../Engine/Content/EditorMaterials/MatineeGroups/MAT_Groups_Slomo.uasset" 176
"../../../Engine/Content/EditorMaterials/MatineeGroups/MAT_Groups_Sound.uasset" 177
"../../../Engine/Content/EditorMaterials/MatineeGroups/MAT_Groups_Vector.uasset" 178
"../../../Engine/Content/EditorMaterials/ParticleSystems/PSysThumbnail_NoImage.uasset" 179
"../../../Engine/Content/EditorMaterials/ParticleSystems/PSysThumbnail_OOD.uasset" 180
"../../../Engine/Content/EditorMaterials/Camera/CineMat.uasset" 181
"../../../Engine/Content/EditorMaterials/Camera/MI_CineMat_Rig.uasset" 182
"../../../Engine/Content/EditorMeshes/Camera/SM_CraneRig_Arm.uasset" 183
"../../../Engine/Content/EditorMeshes/Camera/SM_CraneRig_Base.uasset" 184
"../../../Engine/Content/EditorMeshes/Camera/SM_CraneRig_Body.uasset" 185
"../../../Engine/Content/EditorMeshes/Camera/SM_CraneRig_Mount.uasset" 186
"../../../Engine/Content/EditorMeshes/Camera/SM_RailRig_Mount.uasset" 187
"../../../Engine/Content/EditorMeshes/Camera/SM_RailRig_Track.uasset" 188
"../../../Engine/Content/EditorResources/BSPVertex.uasset" 189
"../../../Engine/Content/EditorResources/EmptyActor.uasset" 190
"../../../Engine/Content/EditorResources/S_Actor.uasset" 191
"../../../Engine/Content/EditorResources/S_Note.uasset" 192
"../../../Engine/Content/EditorResources/S_Solver.uasset" 193
"../../../Engine/Content/EditorResources/S_Trigger.uasset" 194
"../../../Engine/Content/EditorResources/AudioIcons/S_AudioComponent.uasset" 195
"../../../Engine/Content/EditorResources/AudioIcons/S_AudioComponent_AutoActivate.uasset" 196
"../../../Engine/Content/EditorResources/LightIcons/S_LightError.uasset" 197
"../../../Engine/Content/EditorResources/SequenceRecorder/Countdown.uasset" 198
"../../../Engine/Content/EditorResources/SequenceRecorder/RecordingIndicator.uasset" 199
"../../../Engine/Content/EditorSounds/Notifications/CompileFailed.uasset" 200
"../../../Engine/Content/EditorSounds/Notifications/CompileFailed_Cue.uasset" 201
"../../../Engine/Content/EditorSounds/Notifications/CompileSuccess.uasset" 202
"../../../Engine/Content/EditorSounds/Notifications/CompileStart_Cue.uasset" 203
"../../../Engine/Content/EditorSounds/Notifications/CompileSuccess_Cue.uasset" 204
"../../../Engine/Content/EngineDamageTypes/DmgTypeBP_Environmental.uasset" 205
"../../../Engine/Content/EngineDebugMaterials/DebugEditorMaterial.uasset" 206
"../../../Engine/Content/EngineDebugMaterials/DebugMeshMaterial.uasset" 207
"../../../Engine/Content/EngineDebugMaterials/M_SimpleTranslucent.uasset" 208
"../../../Engine/Content/Functions/Engine_MaterialFunctions02/Utility/CameraDirectionVector.uasset" 209
"../../../Engine/Content/EngineDebugMaterials/VolumeToRender.uasset" 210
"../../../Engine/Content/EngineDebugMaterials/M_VolumeRenderSphereTracePP.uasset" 211
"../../../Engine/Content/EngineDebugMaterials/WireframeMaterial.uasset" 212
"../../../Engine/Content/EngineFonts/Faces/DroidSansFallback.uasset" 213
"../../../Engine/Content/EngineFonts/Faces/RobotoBold.uasset" 214
"../../../Engine/Content/EngineFonts/Faces/RobotoBoldItalic.uasset" 215
"../../../Engine/Content/EngineFonts/Faces/RobotoItalic.uasset" 216
"../../../Engine/Content/EngineFonts/Faces/RobotoLight.uasset" 217
"../../../Engine/Content/EngineFonts/Faces/RobotoRegular.uasset" 218
"../../../Engine/Content/EngineFonts/Roboto.uasset" 219
"../../../Engine/Content/EngineMaterials/BaseFlattenDiffuseMap.uasset" 220
"../../../Engine/Content/EngineMaterials/BaseFlattenEmissiveMap.uasset" 221
"../../../Engine/Content/EngineMaterials/BaseFlattenGrayscaleMap.uasset" 222
"../../../Engine/Content/EngineMaterials/BaseFlattenNormalMap.uasset" 223
"../../../Engine/Content/EngineMaterials/BaseFlattenMaterial.uasset" 224
"../../../Engine/Content/EngineMaterials/BlueNoise.uasset" 225
"../../../Engine/Content/EngineMaterials/DefaultBloomKernel.uasset" 226
"../../../Engine/Content/EngineMaterials/DefaultBokeh.uasset" 227
"../../../Engine/Content/EngineMaterials/DefaultDiffuse.uasset" 228
"../../../Engine/Content/EngineMaterials/DefaultDeferredDecalMaterial.uasset" 229
"../../../Engine/Content/EngineMaterials/DefaultLightFunctionMaterial.uasset" 230
"../../../Engine/Content/EngineMaterials/DefaultPhysicalMaterial.uasset" 231
"../../../Engine/Content/Functions/Engine_MaterialFunctions02/Utility/BreakOutFloat2Components.uasset" 232
"../../../Engine/Content/EngineMaterials/DefaultPostProcessMaterial.uasset" 233
"../../../Engine/Content/EngineMaterials/DefaultTextMaterialOpaque.uasset" 234
"../../../Engine/Content/EngineMaterials/DefaultVirtualTextureMaterial.uasset" 235
"../../../Engine/Content/EngineMaterials/DefaultWhiteGrid.uasset" 236
"../../../Engine/Content/EngineMaterials/DefaultWhiteGrid_Low.uasset" 237
"../../../Engine/Content/EngineMaterials/EmissiveMeshMaterial.uasset" 238
"../../../Engine/Content/EngineMaterials/GizmoMaterial.uasset" 239
"../../../Engine/Content/EngineMaterials/Good64x64TilingNoiseHighFreq.uasset" 240
"../../../Engine/Content/EngineMaterials/HairDefaultMaterial.uasset" 241
"../../../Engine/Content/EngineMaterials/MiniFont.uasset" 242
"../../../Engine/Content/EngineMaterials/InvalidLightmapSettings.uasset" 243
"../../../Engine/Content/EngineMaterials/M_InvalidLightmapSettings.uasset" 244
"../../../Engine/Content/Functions/Engine_MaterialFunctions02/WorldPositionOffset/CameraOffset.uasset" 245
"../../../Engine/Content/EngineMaterials/PhAT_JointLimitMaterial.uasset" 246
"../../../Engine/Content/EngineMaterials/PreintegratedSkinBRDF.uasset" 247
"../../../Engine/Content/EngineMaterials/RemoveSurfaceMaterial.uasset" 248
"../../../Engine/Content/EngineMaterials/WeightMapPlaceholderTexture.uasset" 249
"../../../Engine/Content/EngineResources/WhiteSquareTexture.uasset" 250
"../../../Engine/Content/EngineMaterials/Widget3DPassThrough.uasset" 251
"../../../Engine/Content/EngineMaterials/Widget3DPassThrough_Masked.uasset" 252
"../../../Engine/Content/EngineMaterials/Widget3DPassThrough_Opaque.uasset" 253
"../../../Engine/Content/EngineMaterials/Widget3DPassThrough_Masked_OneSided.uasset" 254
"../../../Engine/Content/EngineMaterials/Widget3DPassThrough_Opaque_OneSided.uasset" 255
"../../../Engine/Content/EngineMaterials/Widget3DPassThrough_Translucent.uasset" 256
"../../../Engine/Content/EngineMaterials/Widget3DPassThrough_Translucent_OneSided.uasset" 257
"../../../Engine/Content/EngineMeshes/Cylinder.uasset" 258
"../../../Engine/Content/EngineMeshes/Sphere.uasset" 259
"../../../Engine/Content/EngineResources/Black.uasset" 260
"../../../Engine/Content/EngineResources/DefaultTexture.uasset" 261
"../../../Engine/Content/EngineResources/DefaultTextureCube.uasset" 262
"../../../Engine/Content/EngineResources/DefaultVolumeTexture2D.uasset" 263
"../../../Engine/Content/EngineResources/DefaultVolumeTexture.uasset" 264
"../../../Engine/Content/EngineResources/GradientTexture0.uasset" 265
"../../../Engine/Content/EngineSounds/Master.uasset" 266
"../../../Engine/Content/Functions/Engine_MaterialFunctions01/Shading/ConvertFromDiffSpec.uasset" 267
"../../../Engine/Content/Functions/Engine_MaterialFunctions01/Shading/PowerToRoughness.uasset" 268
"../../../Engine/Content/Maps/Templates/Thumbnails/Default.uasset" 269
"../../../Engine/Content/Maps/Templates/Thumbnails/TimeOfDay.uasset" 270
"../../../Engine/Content/Maps/Templates/Thumbnails/VR-Basic.uasset" 271
"../../../Engine/Content/MobileResources/T_MobileControls_texture.uasset" 272
"../../../Engine/Content/MobileResources/T_MobileMenu2.uasset" 273
"../../../Engine/Content/MobileResources/HUD/AnalogHat.uasset" 274
"../../../Engine/Content/MobileResources/HUD/DefaultVirtualJoysticks.uasset" 275
"../../../Engine/Content/MobileResources/HUD/LeftVirtualJoystickOnly.uasset" 276
"../../../Engine/Content/MobileResources/HUD/MobileHUDButton1_off.uasset" 277
"../../../Engine/Content/MobileResources/HUD/MobileHUDButton1_on.uasset" 278
"../../../Engine/Content/MobileResources/HUD/MobileHUDButton2_off.uasset" 279
"../../../Engine/Content/MobileResources/HUD/MobileHUDButton2_on.uasset" 280
"../../../Engine/Content/MobileResources/HUD/MobileHUDButton3.uasset" 281
"../../../Engine/Content/MobileResources/HUD/MobileHUDButtonFire.uasset" 282
"../../../Engine/Content/MobileResources/HUD/MobileHUDDirectionPad.uasset" 283
"../../../Engine/Content/MobileResources/HUD/MobileHUDDirectionPad2.uasset" 284
"../../../Engine/Content/MobileResources/HUD/MobileHUDDirectionPad3.uasset" 285
"../../../Engine/Content/MobileResources/HUD/MobileHUDDirectionStick.uasset" 286
"../../../Engine/Content/MobileResources/HUD/T_Castle_ThumbstickInner.uasset" 287
"../../../Engine/Content/MobileResources/HUD/T_Castle_ThumbstickOutter.uasset" 288
"../../../Engine/Content/Tutorial/ContentIntroCurve.uasset" 289
"../../../Engine/Content/Tutorial/Basics/LevelEditorAttract.uasset" 290
"../../../Engine/Content/Tutorial/Basics/TutorialAssets/icon_tab_Levels_40x.uasset" 291
"../../../Engine/Content/Tutorial/Basics/LevelEditorOverview.uasset" 292
"../../../Engine/Content/VREditor/LaserPointer/VR_LaserPower_01.uasset" 293
"../../../Engine/Content/VREditor/TransformGizmo/TransformGizmoMaterial.uasset" 294
"../../../Engine/Content/VREditor/TransformGizmo/TranslucentTransformGizmoMaterial.uasset" 295
"../../../Engine/Content/VREditor/TransformGizmo/BoundingBoxCorner.uasset" 296
"../../../Engine/Content/VREditor/TransformGizmo/BoundingBoxEdge.uasset" 297
"../../../Engine/Content/VREditor/TransformGizmo/PlaneTranslationHandle.uasset" 298
"../../../Engine/Content/VREditor/TransformGizmo/Main.uasset" 299
"../../../Engine/Content/VREditor/TransformGizmo/Xray.uasset" 300
"../../../Engine/Content/VREditor/TransformGizmo/SM_Sequencer_Key.uasset" 301
"../../../Engine/Content/VREditor/TransformGizmo/SM_Sequencer_Node.uasset" 302
"../../Plugins/2D/Paper2D/Content/PlaceholderTextures/DummySpriteTexture.uasset" 303
"../../Plugins/2D/Paper2D/Content/DummySprite.uasset" 304
"../../Plugins/2D/Paper2D/Content/DefaultPaperTerrainMaterial.uasset" 305
"../../Plugins/2D/Paper2D/Content/DummySpriteTexture.uasset" 306
"../../Plugins/2D/Paper2D/Content/DefaultSpriteMaterial.uasset" 307
"../../Plugins/2D/Paper2D/Content/MaskedUnlitSpriteMaterial.uasset" 308
"../../Plugins/2D/Paper2D/Content/OpaqueUnlitSpriteMaterial.uasset" 309
"../../../Engine/Content/Functions/Engine_MaterialFunctions02/Utility/BreakOutFloat4Components.uasset" 310
"../../../Engine/Content/Functions/Engine_MaterialFunctions02/Utility/MakeFloat2.uasset" 311
"../../../Engine/Content/Functions/Engine_MaterialFunctions02/Utility/MakeFloat3.uasset" 312
"../../Plugins/Runtime/Oculus/OculusVR/Content/Materials/OculusMR_ChromaKey.uasset" 313
"../../Plugins/Runtime/Oculus/OculusVR/Content/Materials/OculusMR_ChromaKey_Lit.uasset" 314
"../../Plugins/Runtime/Oculus/OculusVR/Content/Materials/OculusMR_OpaqueColoredMaterial.uasset" 315
"../../Plugins/Runtime/Oculus/OculusVR/Content/Materials/OculusMR_WhiteMaterial.uasset" 316
"../../../../../../Unreal Projects/Kourosh EndlessRacer 4.24/Content/StarterContent/Blueprints/Assets/FogBrightnessLUT.uasset" 317
"../../../../../../Unreal Projects/Kourosh EndlessRacer 4.24/Content/StarterContent/Blueprints/Assets/SunlightColorLUT.uasset" 318
"../../../../../../Unreal Projects/Kourosh EndlessRacer 4.24/Content/StarterContent/Blueprints/Assets/M_LightStage_Arrows.uasset" 319
"../../../Engine/Content/MapTemplates/Sky/DaylightAmbientCubemap.uasset" 320
"../../../../../../Unreal Projects/Kourosh EndlessRacer 4.24/Content/StarterContent/Blueprints/Assets/M_LightStage_Skybox_Master.uasset" 321
"../../../../../../Unreal Projects/Kourosh EndlessRacer 4.24/Content/StarterContent/Blueprints/Assets/M_LightStage_Skybox_Black.uasset" 322
"../../../../../../Unreal Projects/Kourosh EndlessRacer 4.24/Content/StarterContent/Blueprints/Assets/M_LightStage_Skybox_HDRI.uasset" 323
"../../../Engine/Content/EditorMaterials/Thumbnails/SkySphereMaterial.uasset" 324
"../../../../../../Unreal Projects/Kourosh EndlessRacer 4.24/Content/StarterContent/Blueprints/Assets/Skybox.uasset" 325
"../../../../../../Unreal Projects/Kourosh EndlessRacer 4.24/Content/StarterContent/Blueprints/Assets/SM_Arrows.uasset" 326
"../../../../../../Unreal Projects/Kourosh EndlessRacer 4.24/Content/StarterContent/HDRI/HDRI_Epic_Courtyard_Daylight.uasset" 327
"../../../../../../Unreal Projects/Kourosh EndlessRacer 4.24/Content/StarterContent/Blueprints/BP_LightStudio.uasset" 328
"../../../../../../Unreal Projects/Kourosh EndlessRacer 4.24/Content/StarterContent/Maps/Advanced_Lighting_BuiltData.uasset" 329
"../../../../../../Unreal Projects/Kourosh EndlessRacer 4.24/Content/StarterContent/Materials/M_AssetPlatform.uasset" 330
"../../../Engine/Content/EditorMeshes/ColorCalibrator/M_ChromeBall.uasset" 331
"../../../Engine/Content/EditorMeshes/ColorCalibrator/M_ClearCoat.uasset" 332
"../../../Engine/Content/EditorMeshes/ColorCalibrator/M_ClearCoatBlack.uasset" 333
"../../../Engine/Content/EditorMeshes/ColorCalibrator/Color_checker.uasset" 334
"../../../Engine/Content/EditorMeshes/ColorCalibrator/M_ColorGrid.uasset" 335
"../../../Engine/Content/EditorMeshes/ColorCalibrator/M_GreyBall.uasset" 336
"../../../Engine/Content/EditorMeshes/ColorCalibrator/SM_ColorCalibrator.uasset" 337
"../../../../../../Unreal Projects/Kourosh EndlessRacer 4.24/Content/StarterContent/Architecture/SM_AssetPlatform.uasset" 338
"../../../../../../Unreal Projects/Kourosh EndlessRacer 4.24/Content/StarterContent/Maps/Advanced_Lighting.umap" 339
"../../../Engine/Content/EngineSky/C_Sky_Cloud_Color.uasset" 340
"../../../Engine/Content/EngineSky/C_Sky_Horizon_Color.uasset" 341
"../../../Engine/Content/EngineSky/C_Sky_Zenith_Color.uasset" 342
"../../../Engine/Content/EngineSky/T_Sky_Blue.uasset" 343
"../../../Engine/Content/EngineSky/T_Sky_Clouds_M.uasset" 344
"../../../Engine/Content/EngineSky/T_Sky_Stars.uasset" 345
"../../../Engine/Content/EngineSky/M_Sky_Panning_Clouds2.uasset" 346
"../../../Engine/Content/EngineSky/SM_SkySphere.uasset" 347
"../../../Engine/Content/EngineSky/BP_Sky_Sphere.uasset" 348
"../../../../../../Unreal Projects/Kourosh EndlessRacer 4.24/Content/StarterContent/Maps/Minimal_Default_BuiltData.uasset" 349
"../../../../../../Unreal Projects/Kourosh EndlessRacer 4.24/Content/StarterContent/Materials/M_Metal_Brushed_Nickel.uasset" 350
"../../../../../../Unreal Projects/Kourosh EndlessRacer 4.24/Content/StarterContent/Textures/T_Metal_Aluminum_D.uasset" 351
"../../../../../../Unreal Projects/Kourosh EndlessRacer 4.24/Content/StarterContent/Materials/M_Metal_Burnished_Steel.uasset" 352
"../../../../../../Unreal Projects/Kourosh EndlessRacer 4.24/Content/StarterContent/Textures/T_Metal_Copper_D.uasset" 353
"../../../../../../Unreal Projects/Kourosh EndlessRacer 4.24/Content/StarterContent/Materials/M_Metal_Copper.uasset" 354
"../../../../../../Unreal Projects/Kourosh EndlessRacer 4.24/Content/StarterContent/Textures/T_Statue_M.uasset" 355
"../../../../../../Unreal Projects/Kourosh EndlessRacer 4.24/Content/StarterContent/Textures/T_Statue_N.uasset" 356
"../../../../../../Unreal Projects/Kourosh EndlessRacer 4.24/Content/StarterContent/Props/Materials/M_StatueGlass.uasset" 357
"../../../../../../Unreal Projects/Kourosh EndlessRacer 4.24/Content/StarterContent/Architecture/Floor_400x400.uasset" 358
"../../../../../../Unreal Projects/Kourosh EndlessRacer 4.24/Content/StarterContent/Audio/Starter_Background_Cue.uasset" 359
"../../../../../../Unreal Projects/Kourosh EndlessRacer 4.24/Content/StarterContent/Props/SM_Chair.uasset" 360
"../../../../../../Unreal Projects/Kourosh EndlessRacer 4.24/Content/StarterContent/Props/Materials/M_Statue.uasset" 361
"../../../../../../Unreal Projects/Kourosh EndlessRacer 4.24/Content/StarterContent/Props/SM_Statue.uasset" 362
"../../../../../../Unreal Projects/Kourosh EndlessRacer 4.24/Content/StarterContent/Textures/T_TableRound_M.uasset" 363
"../../../../../../Unreal Projects/Kourosh EndlessRacer 4.24/Content/StarterContent/Textures/T_TableRound_N.uasset" 364
"../../../../../../Unreal Projects/Kourosh EndlessRacer 4.24/Content/StarterContent/Props/Materials/M_TableRound.uasset" 365
"../../../../../../Unreal Projects/Kourosh EndlessRacer 4.24/Content/StarterContent/Props/SM_TableRound.uasset" 366
"../../../../../../Unreal Projects/Kourosh EndlessRacer 4.24/Content/StarterContent/Maps/Minimal_Default.umap" 367
"../../../../../../Unreal Projects/Kourosh EndlessRacer 4.24/Content/StarterContent/Audio/Fire01_Cue.uasset" 368
"../../../../../../Unreal Projects/Kourosh EndlessRacer 4.24/Content/StarterContent/Textures/T_Fire_SubUV.uasset" 369
"../../../../../../Unreal Projects/Kourosh EndlessRacer 4.24/Content/StarterContent/Textures/T_Fire_Tiled_D.uasset" 370
"../../../../../../Unreal Projects/Kourosh EndlessRacer 4.24/Content/StarterContent/Particles/Materials/M_Fire_SubUV.uasset" 371
"../../../../../../Unreal Projects/Kourosh EndlessRacer 4.24/Content/StarterContent/Textures/T_Water_N.uasset" 372
"../../../../../../Unreal Projects/Kourosh EndlessRacer 4.24/Content/StarterContent/Particles/Materials/M_Heat_Distortion.uasset" 373
"../../../../../../Unreal Projects/Kourosh EndlessRacer 4.24/Content/StarterContent/Particles/Materials/M_Radial_Gradient.uasset" 374
"../../../../../../Unreal Projects/Kourosh EndlessRacer 4.24/Content/StarterContent/Particles/P_Fire.uasset" 375
"../../../../../../Unreal Projects/Kourosh EndlessRacer 4.24/Content/StarterContent/Blueprints/Blueprint_Effect_Fire.uasset" 376
"../../../../../../Unreal Projects/Kourosh EndlessRacer 4.24/Content/StarterContent/Audio/Smoke01_Cue.uasset" 377
"../../../../../../Unreal Projects/Kourosh EndlessRacer 4.24/Content/StarterContent/Particles/P_Smoke.uasset" 378
"../../../../../../Unreal Projects/Kourosh EndlessRacer 4.24/Content/StarterContent/Blueprints/Blueprint_Effect_Smoke.uasset" 379
"../../../../../../Unreal Projects/Kourosh EndlessRacer 4.24/Content/StarterContent/Audio/Fire_Sparks01_Cue.uasset" 380
"../../../../../../Unreal Projects/Kourosh EndlessRacer 4.24/Content/StarterContent/Textures/T_Spark_Core.uasset" 381
"../../../../../../Unreal Projects/Kourosh EndlessRacer 4.24/Content/StarterContent/Particles/Materials/M_Spark.uasset" 382
"../../../../../../Unreal Projects/Kourosh EndlessRacer 4.24/Content/StarterContent/Particles/P_Sparks.uasset" 383
"../../../../../../Unreal Projects/Kourosh EndlessRacer 4.24/Content/StarterContent/Blueprints/Blueprint_Effect_Sparks.uasset" 384
"../../../../../../Unreal Projects/Kourosh EndlessRacer 4.24/Content/StarterContent/Audio/Steam01_Cue.uasset" 385
"../../../../../../Unreal Projects/Kourosh EndlessRacer 4.24/Content/StarterContent/Particles/P_Steam_Lit.uasset" 386
"../../../../../../Unreal Projects/Kourosh EndlessRacer 4.24/Content/StarterContent/Blueprints/Blueprint_Effect_Steam.uasset" 387
"../../../../../../Unreal Projects/Kourosh EndlessRacer 4.24/Content/StarterContent/Textures/T_Lamp_M.uasset" 388
"../../../../../../Unreal Projects/Kourosh EndlessRacer 4.24/Content/StarterContent/Textures/T_Lamp_N.uasset" 389
"../../../../../../Unreal Projects/Kourosh EndlessRacer 4.24/Content/StarterContent/Props/Materials/M_Lamp.uasset" 390
"../../../../../../Unreal Projects/Kourosh EndlessRacer 4.24/Content/StarterContent/Props/SM_Lamp_Ceiling.uasset" 391
"../../../../../../Unreal Projects/Kourosh EndlessRacer 4.24/Content/StarterContent/Blueprints/Blueprint_CeilingLight.uasset" 392
"../../../../../../Unreal Projects/Kourosh EndlessRacer 4.24/Content/StarterContent/Props/SM_Lamp_Wall.uasset" 393
"../../../../../../Unreal Projects/Kourosh EndlessRacer 4.24/Content/StarterContent/Blueprints/Blueprint_WallSconce.uasset" 394
"../../../../../../Unreal Projects/Kourosh EndlessRacer 4.24/Content/StarterContent/Maps/StarterMap_BuiltData.uasset" 395
"../../../../../../Unreal Projects/Kourosh EndlessRacer 4.24/Content/StarterContent/Textures/T_Brick_Clay_Beveled_D.uasset" 396
"../../../../../../Unreal Projects/Kourosh EndlessRacer 4.24/Content/StarterContent/Textures/T_Brick_Clay_Beveled_M.uasset" 397
"../../../../../../Unreal Projects/Kourosh EndlessRacer 4.24/Content/StarterContent/Textures/T_Brick_Clay_Beveled_N.uasset" 398
"../../../../../../Unreal Projects/Kourosh EndlessRacer 4.24/Content/StarterContent/Materials/M_Brick_Clay_Beveled.uasset" 399
"../../../../../../Unreal Projects/Kourosh EndlessRacer 4.24/Content/StarterContent/Textures/T_Brick_Clay_New_D.uasset" 400
"../../../../../../Unreal Projects/Kourosh EndlessRacer 4.24/Content/StarterContent/Textures/T_Brick_Clay_New_M.uasset" 401
"../../../../../../Unreal Projects/Kourosh EndlessRacer 4.24/Content/StarterContent/Textures/T_Brick_Clay_New_N.uasset" 402
"../../../../../../Unreal Projects/Kourosh EndlessRacer 4.24/Content/StarterContent/Materials/M_Brick_Clay_New.uasset" 403
"../../../../../../Unreal Projects/Kourosh EndlessRacer 4.24/Content/StarterContent/Textures/T_Brick_Clay_Old_D.uasset" 404
"../../../../../../Unreal Projects/Kourosh EndlessRacer 4.24/Content/StarterContent/Textures/T_Brick_Clay_Old_N.uasset" 405
"../../../../../../Unreal Projects/Kourosh EndlessRacer 4.24/Content/StarterContent/Textures/T_Perlin_Noise_M.uasset" 406
"../../../../../../Unreal Projects/Kourosh EndlessRacer 4.24/Content/StarterContent/Materials/M_Brick_Clay_Old.uasset" 407
"../../../../../../Unreal Projects/Kourosh EndlessRacer 4.24/Content/StarterContent/Textures/T_Brick_Cut_Stone_D.uasset" 408
"../../../../../../Unreal Projects/Kourosh EndlessRacer 4.24/Content/StarterContent/Textures/T_Brick_Cut_Stone_N.uasset" 409
"../../../../../../Unreal Projects/Kourosh EndlessRacer 4.24/Content/StarterContent/Materials/M_Brick_Cut_Stone.uasset" 410
"../../../../../../Unreal Projects/Kourosh EndlessRacer 4.24/Content/StarterContent/Textures/T_Brick_Hewn_Stone_D.uasset" 411
"../../../../../../Unreal Projects/Kourosh EndlessRacer 4.24/Content/StarterContent/Textures/T_Brick_Hewn_Stone_M.uasset" 412
"../../../../../../Unreal Projects/Kourosh EndlessRacer 4.24/Content/StarterContent/Textures/T_Brick_Hewn_Stone_N.uasset" 413
"../../../../../../Unreal Projects/Kourosh EndlessRacer 4.24/Content/StarterContent/Materials/M_Brick_Hewn_Stone.uasset" 414
"../../../../../../Unreal Projects/Kourosh EndlessRacer 4.24/Content/StarterContent/Textures/T_Ceramic_Tile_M.uasset" 415
"../../../../../../Unreal Projects/Kourosh EndlessRacer 4.24/Content/StarterContent/Textures/T_Ceramic_Tile_N.uasset" 416
"../../../../../../Unreal Projects/Kourosh EndlessRacer 4.24/Content/StarterContent/Textures/T_Rock_Marble_Polished_D.uasset" 417
"../../../../../../Unreal Projects/Kourosh EndlessRacer 4.24/Content/StarterContent/Materials/M_Ceramic_Tile_Checker.uasset" 418
"../../../../../../Unreal Projects/Kourosh EndlessRacer 4.24/Content/StarterContent/Textures/T_CobbleStone_Pebble_D.uasset" 419
"../../../../../../Unreal Projects/Kourosh EndlessRacer 4.24/Content/StarterContent/Textures/T_CobbleStone_Pebble_M.uasset" 420
"../../../../../../Unreal Projects/Kourosh EndlessRacer 4.24/Content/StarterContent/Textures/T_CobbleStone_Pebble_N.uasset" 421
"../../../../../../Unreal Projects/Kourosh EndlessRacer 4.24/Content/StarterContent/Materials/M_CobbleStone_Pebble.uasset" 422
"../../../../../../Unreal Projects/Kourosh EndlessRacer 4.24/Content/StarterContent/Textures/T_CobbleStone_Rough_D.uasset" 423
"../../../../../../Unreal Projects/Kourosh EndlessRacer 4.24/Content/StarterContent/Textures/T_CobbleStone_Rough_N.uasset" 424
"../../../../../../Unreal Projects/Kourosh EndlessRacer 4.24/Content/StarterContent/Textures/T_Gradinet_01.uasset" 425
"../../../../../../Unreal Projects/Kourosh EndlessRacer 4.24/Content/StarterContent/Textures/T_Rock_Smooth_Granite_D.uasset" 426
"../../../../../../Unreal Projects/Kourosh EndlessRacer 4.24/Content/StarterContent/Materials/M_CobbleStone_Rough.uasset" 427
"../../../../../../Unreal Projects/Kourosh EndlessRacer 4.24/Content/StarterContent/Textures/T_CobbleStone_Smooth_D.uasset" 428
"../../../../../../Unreal Projects/Kourosh EndlessRacer 4.24/Content/StarterContent/Textures/T_CobbleStone_Smooth_M.uasset" 429
"../../../../../../Unreal Projects/Kourosh EndlessRacer 4.24/Content/StarterContent/Textures/T_CobbleStone_Smooth_N.uasset" 430
"../../../../../../Unreal Projects/Kourosh EndlessRacer 4.24/Content/StarterContent/Materials/M_CobbleStone_Smooth.uasset" 431
"../../../../../../Unreal Projects/Kourosh EndlessRacer 4.24/Content/StarterContent/Textures/T_Concrete_Grime_D.uasset" 432
"../../../../../../Unreal Projects/Kourosh EndlessRacer 4.24/Content/StarterContent/Textures/T_Metal_Rust_N.uasset" 433
"../../../../../../Unreal Projects/Kourosh EndlessRacer 4.24/Content/StarterContent/Materials/M_Concrete_Grime.uasset" 434
"../../../../../../Unreal Projects/Kourosh EndlessRacer 4.24/Content/StarterContent/Textures/T_Concrete_Panels_D.uasset" 435
"../../../../../../Unreal Projects/Kourosh EndlessRacer 4.24/Content/StarterContent/Textures/T_Concrete_Panels_N.uasset" 436
"../../../../../../Unreal Projects/Kourosh EndlessRacer 4.24/Content/StarterContent/Materials/M_Concrete_Panels.uasset" 437
"../../../../../../Unreal Projects/Kourosh EndlessRacer 4.24/Content/StarterContent/Textures/T_Concrete_Poured_D.uasset" 438
"../../../../../../Unreal Projects/Kourosh EndlessRacer 4.24/Content/StarterContent/Textures/T_Concrete_Poured_N.uasset" 439
"../../../../../../Unreal Projects/Kourosh EndlessRacer 4.24/Content/StarterContent/Materials/M_Concrete_Poured.uasset" 440
"../../../../../../Unreal Projects/Kourosh EndlessRacer 4.24/Content/StarterContent/Textures/T_Concrete_Tiles_D.uasset" 441
"../../../../../../Unreal Projects/Kourosh EndlessRacer 4.24/Content/StarterContent/Textures/T_Concrete_Tiles_M.uasset" 442
"../../../../../../Unreal Projects/Kourosh EndlessRacer 4.24/Content/StarterContent/Textures/T_Concrete_Tiles_N.uasset" 443
"../../../../../../Unreal Projects/Kourosh EndlessRacer 4.24/Content/StarterContent/Textures/T_Concrete_Tiles_Variation_M.uasset" 444
"../../../../../../Unreal Projects/Kourosh EndlessRacer 4.24/Content/StarterContent/Materials/M_Concrete_Tiles.uasset" 445
"../../../../../../Unreal Projects/Kourosh EndlessRacer 4.24/Content/StarterContent/Textures/T_Ground_Grass_D.uasset" 446
"../../../../../../Unreal Projects/Kourosh EndlessRacer 4.24/Content/StarterContent/Textures/T_Ground_Grass_N.uasset" 447
"../../../../../../Unreal Projects/Kourosh EndlessRacer 4.24/Content/StarterContent/Materials/M_Ground_Grass.uasset" 448
"../../../../../../Unreal Projects/Kourosh EndlessRacer 4.24/Content/StarterContent/Textures/T_Ground_Gravel_D.uasset" 449
"../../../../../../Unreal Projects/Kourosh EndlessRacer 4.24/Content/StarterContent/Textures/T_Ground_Gravel_N.uasset" 450
"../../../../../../Unreal Projects/Kourosh EndlessRacer 4.24/Content/StarterContent/Materials/M_Ground_Gravel.uasset" 451
"../../../../../../Unreal Projects/Kourosh EndlessRacer 4.24/Content/StarterContent/Textures/T_ground_Moss_D.uasset" 452
"../../../../../../Unreal Projects/Kourosh EndlessRacer 4.24/Content/StarterContent/Textures/T_Ground_Moss_N.uasset" 453
"../../../../../../Unreal Projects/Kourosh EndlessRacer 4.24/Content/StarterContent/Materials/M_Ground_Moss.uasset" 454
"../../../../../../Unreal Projects/Kourosh EndlessRacer 4.24/Content/StarterContent/Materials/M_Metal_Chrome.uasset" 455
"../../../../../../Unreal Projects/Kourosh EndlessRacer 4.24/Content/StarterContent/Textures/T_Metal_Rust_D.uasset" 456
"../../../../../../Unreal Projects/Kourosh EndlessRacer 4.24/Content/StarterContent/Materials/M_Metal_Rust.uasset" 457
"../../../../../../Unreal Projects/Kourosh EndlessRacer 4.24/Content/StarterContent/Textures/T_Metal_Steel_D.uasset" 458
"../../../../../../Unreal Projects/Kourosh EndlessRacer 4.24/Content/StarterContent/Textures/T_Metal_Steel_N.uasset" 459
"../../../../../../Unreal Projects/Kourosh EndlessRacer 4.24/Content/StarterContent/Materials/M_Metal_Steel.uasset" 460
"../../../../../../Unreal Projects/Kourosh EndlessRacer 4.24/Content/StarterContent/Textures/T_Rock_Basalt_N.uasset" 461
"../../../../../../Unreal Projects/Kourosh EndlessRacer 4.24/Content/StarterContent/Materials/M_Rock_Basalt.uasset" 462
"../../../../../../Unreal Projects/Kourosh EndlessRacer 4.24/Content/StarterContent/Materials/M_Rock_Marble_Polished.uasset" 463
"../../../../../../Unreal Projects/Kourosh EndlessRacer 4.24/Content/StarterContent/Textures/T_Rock_Sandstone_D.uasset" 464
"../../../../../../Unreal Projects/Kourosh EndlessRacer 4.24/Content/StarterContent/Textures/T_Rock_Sandstone_N.uasset" 465
"../../../../../../Unreal Projects/Kourosh EndlessRacer 4.24/Content/StarterContent/Materials/M_Rock_Sandstone.uasset" 466
"../../../../../../Unreal Projects/Kourosh EndlessRacer 4.24/Content/StarterContent/Textures/T_Rock_Slate_D.uasset" 467
"../../../../../../Unreal Projects/Kourosh EndlessRacer 4.24/Content/StarterContent/Textures/T_Rock_Slate_N.uasset" 468
"../../../../../../Unreal Projects/Kourosh EndlessRacer 4.24/Content/StarterContent/Materials/M_Rock_Slate.uasset" 469
"../../../../../../Unreal Projects/Kourosh EndlessRacer 4.24/Content/StarterContent/Textures/T_Checker_Noise_M.uasset" 470
"../../../../../../Unreal Projects/Kourosh EndlessRacer 4.24/Content/StarterContent/Textures/T_Single_Tile_N.uasset" 471
"../../../../../../Unreal Projects/Kourosh EndlessRacer 4.24/Content/StarterContent/Textures/T_Tech_Dot_M.uasset" 472
"../../../../../../Unreal Projects/Kourosh EndlessRacer 4.24/Content/StarterContent/Textures/T_Tech_Dot_N.uasset" 473
"../../../../../../Unreal Projects/Kourosh EndlessRacer 4.24/Content/StarterContent/Materials/M_Tech_Checker_Dot.uasset" 474
"../../../../../../Unreal Projects/Kourosh EndlessRacer 4.24/Content/StarterContent/Textures/T_Tech_Hex_Tile_M.uasset" 475
"../../../../../../Unreal Projects/Kourosh EndlessRacer 4.24/Content/StarterContent/Textures/T_Tech_Hex_Tile_N.uasset" 476
"../../../../../../Unreal Projects/Kourosh EndlessRacer 4.24/Content/StarterContent/Materials/M_Tech_Hex_Tile.uasset" 477
"../../../../../../Unreal Projects/Kourosh EndlessRacer 4.24/Content/StarterContent/Materials/M_Tech_Hex_Tile_Pulse.uasset" 478
"../../../../../../Unreal Projects/Kourosh EndlessRacer 4.24/Content/StarterContent/Textures/T_Tech_Panel_M.uasset" 479
"../../../../../../Unreal Projects/Kourosh EndlessRacer 4.24/Content/StarterContent/Textures/T_Tech_Panel_N.uasset" 480
"../../../../../../Unreal Projects/Kourosh EndlessRacer 4.24/Content/StarterContent/Materials/M_Tech_Panel.uasset" 481
"../../../../../../Unreal Projects/Kourosh EndlessRacer 4.24/Content/StarterContent/Materials/M_Water_Lake.uasset" 482
"../../../../../../Unreal Projects/Kourosh EndlessRacer 4.24/Content/StarterContent/Textures/T_Water_M.uasset" 483
"../../../../../../Unreal Projects/Kourosh EndlessRacer 4.24/Content/StarterContent/Materials/M_Water_Ocean.uasset" 484
"../../../../../../Unreal Projects/Kourosh EndlessRacer 4.24/Content/StarterContent/Textures/T_Wood_Floor_Walnut_D.uasset" 485
"../../../../../../Unreal Projects/Kourosh EndlessRacer 4.24/Content/StarterContent/Textures/T_Wood_Floor_Walnut_M.uasset" 486
"../../../../../../Unreal Projects/Kourosh EndlessRacer 4.24/Content/StarterContent/Textures/T_Wood_Floor_Walnut_N.uasset" 487
"../../../../../../Unreal Projects/Kourosh EndlessRacer 4.24/Content/StarterContent/Materials/M_Wood_Floor_Walnut_Polished.uasset" 488
"../../../Engine/Content/Functions/Engine_MaterialFunctions01/Opacity/AlphaOffset.uasset" 489
"../../../../../../Unreal Projects/Kourosh EndlessRacer 4.24/Content/StarterContent/Materials/M_Wood_Floor_Walnut_Worn.uasset" 490
"../../../../../../Unreal Projects/Kourosh EndlessRacer 4.24/Content/StarterContent/Textures/T_Wood_Oak_D.uasset" 491
"../../../../../../Unreal Projects/Kourosh EndlessRacer 4.24/Content/StarterContent/Textures/T_Wood_Oak_N.uasset" 492
"../../../../../../Unreal Projects/Kourosh EndlessRacer 4.24/Content/StarterContent/Materials/M_Wood_Oak.uasset" 493
"../../../../../../Unreal Projects/Kourosh EndlessRacer 4.24/Content/StarterContent/Textures/T_Wood_Pine_D.uasset" 494
"../../../../../../Unreal Projects/Kourosh EndlessRacer 4.24/Content/StarterContent/Textures/T_Wood_Pine_N.uasset" 495
"../../../../../../Unreal Projects/Kourosh EndlessRacer 4.24/Content/StarterContent/Materials/M_Wood_Pine.uasset" 496
"../../../../../../Unreal Projects/Kourosh EndlessRacer 4.24/Content/StarterContent/Textures/T_Wood_Walnut_D.uasset" 497
"../../../../../../Unreal Projects/Kourosh EndlessRacer 4.24/Content/StarterContent/Textures/T_Wood_Walnut_N.uasset" 498
"../../../../../../Unreal Projects/Kourosh EndlessRacer 4.24/Content/StarterContent/Materials/M_Wood_Walnut.uasset" 499
"../../../../../../Unreal Projects/Kourosh EndlessRacer 4.24/Content/StarterContent/Architecture/Wall_400x200.uasset" 500
"../../../../../../Unreal Projects/Kourosh EndlessRacer 4.24/Content/StarterContent/Architecture/Wall_Door_400x300.uasset" 501
"../../../../../../Unreal Projects/Kourosh EndlessRacer 4.24/Content/StarterContent/Architecture/Wall_Window_400x300.uasset" 502
"../../../../../../Unreal Projects/Kourosh EndlessRacer 4.24/Content/StarterContent/Audio/Collapse_Cue.uasset" 503
"../../../../../../Unreal Projects/Kourosh EndlessRacer 4.24/Content/StarterContent/Audio/Starter_Music_Cue.uasset" 504
"../../../../../../Unreal Projects/Kourosh EndlessRacer 4.24/Content/StarterContent/Textures/T_Dust_Particle_D.uasset" 505
"../../../../../../Unreal Projects/Kourosh EndlessRacer 4.24/Content/StarterContent/Particles/Materials/M_Dust_Particle.uasset" 506
"../../../../../../Unreal Projects/Kourosh EndlessRacer 4.24/Content/StarterContent/Particles/P_Ambient_Dust.uasset" 507
"../../../../../../Unreal Projects/Kourosh EndlessRacer 4.24/Content/StarterContent/Props/MaterialSphere.uasset" 508
"../../../../../../Unreal Projects/Kourosh EndlessRacer 4.24/Content/StarterContent/Textures/T_Frame_M.uasset" 509
"../../../../../../Unreal Projects/Kourosh EndlessRacer 4.24/Content/StarterContent/Textures/T_Frame_N.uasset" 510
"../../../../../../Unreal Projects/Kourosh EndlessRacer 4.24/Content/StarterContent/Props/Materials/M_Frame.uasset" 511
"../../../../../../Unreal Projects/Kourosh EndlessRacer 4.24/Content/StarterContent/Props/SM_CornerFrame.uasset" 512
"../../../../../../Unreal Projects/Kourosh EndlessRacer 4.24/Content/StarterContent/Props/SM_DoorFrame.uasset" 513
"../../../../../../Unreal Projects/Kourosh EndlessRacer 4.24/Content/StarterContent/Props/SM_GlassWindow.uasset" 514
"../../../../../../Unreal Projects/Kourosh EndlessRacer 4.24/Content/StarterContent/Props/SM_PillarFrame.uasset" 515
"../../../../../../Unreal Projects/Kourosh EndlessRacer 4.24/Content/StarterContent/Props/SM_PillarFrame300.uasset" 516
"../../../../../../Unreal Projects/Kourosh EndlessRacer 4.24/Content/StarterContent/Props/SM_WindowFrame.uasset" 517
"../../../../../../Unreal Projects/Kourosh EndlessRacer 4.24/Content/StarterContent/Shapes/Shape_Cube.uasset" 518
"../../../../../../Unreal Projects/Kourosh EndlessRacer 4.24/Content/StarterContent/Shapes/Shape_QuadPyramid.uasset" 519
"../../../../../../Unreal Projects/Kourosh EndlessRacer 4.24/Content/StarterContent/Shapes/Shape_Sphere.uasset" 520
"../../../../../../Unreal Projects/Kourosh EndlessRacer 4.24/Content/StarterContent/Maps/StarterMap.umap" 521
"../../../../../../Unreal Projects/Kourosh EndlessRacer 4.24/Content/VehicleAdvBP/Skybox/Skybox.uasset" 522
"../../../../../../Unreal Projects/Kourosh EndlessRacer 4.24/Content/VehicleAdvBP/Materials/SkyboxMat.uasset" 523
"../../../../../../Unreal Projects/Kourosh EndlessRacer 4.24/Content/VehicleAdvBP/Blueprints/SkyboxActor.uasset" 524
"../../../../../../Unreal Projects/Kourosh EndlessRacer 4.24/Content/VehicleAdvBP/Maps/Level1_BuiltData.uasset" 525
"../../../../../../Unreal Projects/Kourosh EndlessRacer 4.24/Content/VehicleAdvBP/Maps/Level1.umap" 526
"../../../../../../Unreal Projects/Kourosh EndlessRacer 4.24/Content/VehicleAdvBP/Blueprints/VehicleBlueprint.uasset" 527
"../../../../../../Unreal Projects/Kourosh EndlessRacer 4.24/Content/VehicleAdvBP/Maps/LayerInfo/Desert_LayerInfo.uasset" 528
"../../../../../../Unreal Projects/Kourosh EndlessRacer 4.24/Content/VehicleAdvBP/Maps/LayerInfo/Track_LayerInfo.uasset" 529
"../../../../../../Unreal Projects/Kourosh EndlessRacer 4.24/Content/VehicleAdvBP/Maps/VehicleAdvExampleMap_BuiltData.uasset" 530
"../../../../../../Unreal Projects/Kourosh EndlessRacer 4.24/Content/VehicleAdv/Materials/Landscape.uasset" 531
"../../../../../../Unreal Projects/Kourosh EndlessRacer 4.24/Content/VehicleAdv/Materials/MaterialInstances/LandscapeNoHole.uasset" 532
"../../../../../../Unreal Projects/Kourosh EndlessRacer 4.24/Content/VehicleAdv/ArenaMesh/BumpWave.uasset" 533
"../../../../../../Unreal Projects/Kourosh EndlessRacer 4.24/Content/VehicleAdv/ArenaMesh/BumpWaveSmall.uasset" 534
"../../../../../../Unreal Projects/Kourosh EndlessRacer 4.24/Content/VehicleAdv/ArenaMesh/LoopBig.uasset" 535
"../../../../../../Unreal Projects/Kourosh EndlessRacer 4.24/Content/VehicleAdv/ArenaMesh/LoopSmall.uasset" 536
"../../../../../../Unreal Projects/Kourosh EndlessRacer 4.24/Content/VehicleAdv/ArenaMesh/RampLarge.uasset" 537
"../../../../../../Unreal Projects/Kourosh EndlessRacer 4.24/Content/VehicleAdv/ArenaMesh/StraightQuarter.uasset" 538
"../../../../../../Unreal Projects/Kourosh EndlessRacer 4.24/Content/VehicleAdv/ArenaMesh/turn_22andhalf.uasset" 539
"../../../../../../Unreal Projects/Kourosh EndlessRacer 4.24/Content/VehicleAdv/ArenaMesh/Turn_45.uasset" 540
"../../../../../../Unreal Projects/Kourosh EndlessRacer 4.24/Content/VehicleAdv/ArenaMesh/Turn_90Large.uasset" 541
"../../../../../../Unreal Projects/Kourosh EndlessRacer 4.24/Content/VehicleAdvBP/Maps/VehicleAdvExampleMap.umap" 542
"../../../Engine/Content/Maps/Entry_BuiltData.uasset" 543
"../../../Engine/Content/Maps/Entry.umap" 544
